<?xml version="1.0" encoding="UTF-8"?>
<!-- Generated by org.testng.reporters.JUnitXMLReporter -->
<testsuite ignored="0" hostname="LAPTOP-VT8HT1H2" failures="1" tests="1" name="Regression1" time="3.073" errors="0" timestamp="2021-04-22T10:41:04 IST">
  <testcase classname="com.glogs.pract" name="method" time="3.035">
    <failure type="org.openqa.selenium.SessionNotCreatedException" message="session not created: This version of ChromeDriver only supports Chrome version 88
Current browser version is 90.0.4430.72 with binary path C:\Program Files (x86)\Google\Chrome\Application\chrome.exe
Build info: version: &amp;apos;3.5.3&amp;apos;, revision: &amp;apos;a88d25fe6b&amp;apos;, time: &amp;apos;2017-08-29T12:42:44.417Z&amp;apos;
System info: host: &amp;apos;LAPTOP-VT8HT1H2&amp;apos;, ip: &amp;apos;192.168.29.136&amp;apos;, os.name: &amp;apos;Windows 10&amp;apos;, os.arch: &amp;apos;amd64&amp;apos;, os.version: &amp;apos;10.0&amp;apos;, java.version: &amp;apos;13.0.1&amp;apos;
Driver info: driver.version: ChromeDriver
remote stacktrace: Backtrace:
	GetHandleVerifier [0x005EB963+483]
	GetHandleVerifier [0x005EB941+449]
	GetHandleVerifier [0x00993308+3832712]
	GetHandleVerifier [0x009AD69A+3940122]
	GetHandleVerifier [0x009A9AFB+3924859]
	GetHandleVerifier [0x009A7D9C+3917340]
	GetHandleVerifier [0x009CE7FE+4075646]
	GetHandleVerifier [0x009CE56C+4074988]
	GetHandleVerifier [0x009CB2EB+4062059]
	GetHandleVerifier [0x009AED14+3945876]
	GetHandleVerifier [0x009AFBCE+3949646]
	GetHandleVerifier [0x009AFB59+3949529]
	Ordinal0 [0x005AB5CC+46540]
	Ordinal0 [0x005A9F53+40787]
	Ordinal0 [0x005A9B12+39698]
	GetHandleVerifier [0x008B1468+2907368]
	GetHandleVerifier [0x006F71EE+1096302]
	GetHandleVerifier [0x006B3E8D+821005]
	GetHandleVerifier [0x006B396B+819691]
	GetHandleVerifier [0x006B3881+819457]
	GetHandleVerifier [0x006DF463+998627]
	BaseThreadInitThunk [0x760FFA29+25]
	RtlGetAppContainerNamedObjectPath [0x76F57C7E+286]
	RtlGetAppContainerNamedObjectPath [0x76F57C4E+238]
">
      <![CDATA[org.openqa.selenium.SessionNotCreatedException: session not created: This version of ChromeDriver only supports Chrome version 88
Current browser version is 90.0.4430.72 with binary path C:\Program Files (x86)\Google\Chrome\Application\chrome.exe
Build info: version: '3.5.3', revision: 'a88d25fe6b', time: '2017-08-29T12:42:44.417Z'
System info: host: 'LAPTOP-VT8HT1H2', ip: '192.168.29.136', os.name: 'Windows 10', os.arch: 'amd64', os.version: '10.0', java.version: '13.0.1'
Driver info: driver.version: ChromeDriver
remote stacktrace: Backtrace:
GetHandleVerifier [0x005EB963+483]
GetHandleVerifier [0x005EB941+449]
GetHandleVerifier [0x00993308+3832712]
GetHandleVerifier [0x009AD69A+3940122]
GetHandleVerifier [0x009A9AFB+3924859]
GetHandleVerifier [0x009A7D9C+3917340]
GetHandleVerifier [0x009CE7FE+4075646]
GetHandleVerifier [0x009CE56C+4074988]
GetHandleVerifier [0x009CB2EB+4062059]
GetHandleVerifier [0x009AED14+3945876]
GetHandleVerifier [0x009AFBCE+3949646]
GetHandleVerifier [0x009AFB59+3949529]
Ordinal0 [0x005AB5CC+46540]
Ordinal0 [0x005A9F53+40787]
Ordinal0 [0x005A9B12+39698]
GetHandleVerifier [0x008B1468+2907368]
GetHandleVerifier [0x006F71EE+1096302]
GetHandleVerifier [0x006B3E8D+821005]
GetHandleVerifier [0x006B396B+819691]
GetHandleVerifier [0x006B3881+819457]
GetHandleVerifier [0x006DF463+998627]
BaseThreadInitThunk [0x760FFA29+25]
RtlGetAppContainerNamedObjectPath [0x76F57C7E+286]
RtlGetAppContainerNamedObjectPath [0x76F57C4E+238]

at org.openqa.selenium.remote.W3CHandshakeResponse.lambda$new$0(W3CHandshakeResponse.java:57)
at org.openqa.selenium.remote.W3CHandshakeResponse.lambda$getResponseFunction$2(W3CHandshakeResponse.java:104)
at org.openqa.selenium.remote.ProtocolHandshake.lambda$createSession$24(ProtocolHandshake.java:359)
at java.base/java.util.stream.ReferencePipeline$3$1.accept(ReferencePipeline.java:195)
at java.base/java.util.Spliterators$ArraySpliterator.tryAdvance(Spliterators.java:958)
at java.base/java.util.stream.ReferencePipeline.forEachWithCancel(ReferencePipeline.java:127)
at java.base/java.util.stream.AbstractPipeline.copyIntoWithCancel(AbstractPipeline.java:502)
at java.base/java.util.stream.AbstractPipeline.copyInto(AbstractPipeline.java:488)
at java.base/java.util.stream.AbstractPipeline.wrapAndCopyInto(AbstractPipeline.java:474)
at java.base/java.util.stream.FindOps$FindOp.evaluateSequential(FindOps.java:150)
at java.base/java.util.stream.AbstractPipeline.evaluate(AbstractPipeline.java:234)
at java.base/java.util.stream.ReferencePipeline.findFirst(ReferencePipeline.java:543)
at org.openqa.selenium.remote.ProtocolHandshake.createSession(ProtocolHandshake.java:362)
at org.openqa.selenium.remote.ProtocolHandshake.createSession(ProtocolHandshake.java:136)
at org.openqa.selenium.remote.HttpCommandExecutor.execute(HttpCommandExecutor.java:142)
at org.openqa.selenium.remote.service.DriverCommandExecutor.execute(DriverCommandExecutor.java:82)
at org.openqa.selenium.remote.RemoteWebDriver.execute(RemoteWebDriver.java:646)
at org.openqa.selenium.remote.RemoteWebDriver.startSession(RemoteWebDriver.java:255)
at org.openqa.selenium.remote.RemoteWebDriver.startSession(RemoteWebDriver.java:237)
at org.openqa.selenium.remote.RemoteWebDriver.<init>(RemoteWebDriver.java:138)
at org.openqa.selenium.chrome.ChromeDriver.<init>(ChromeDriver.java:178)
at org.openqa.selenium.chrome.ChromeDriver.<init>(ChromeDriver.java:167)
at org.openqa.selenium.chrome.ChromeDriver.<init>(ChromeDriver.java:156)
at com.glogs.pract.method(pract.java:52)
at java.base/java.util.ArrayList.forEach(ArrayList.java:1507)
... Removed 32 stack frames]]>
    </failure>
  </testcase> <!-- method -->
</testsuite> <!-- Regression1 -->
